# JRE version: OpenJDK Runtime Environment (8.0_152-b01) (build 1.8.0_152-release-915-b01)
# Java VM: OpenJDK 64-Bit Server VM (25.152-b01 mixed mode windows-amd64 compressed oops)
Heap:
 PSYoungGen      total 115200K, used 37883K [0x00000000e0000000, 0x00000000ea700000, 0x0000000100000000)
  eden space 103424K, 36% used [0x00000000e0000000,0x00000000e24fefd8,0x00000000e6500000)
  from space 11776K, 0% used [0x00000000e7400000,0x00000000e7400000,0x00000000e7f80000)
  to   space 15360K, 0% used [0x00000000e6500000,0x00000000e6500000,0x00000000e7400000)
 ParOldGen       total 56832K, used 43355K [0x00000000a0000000, 0x00000000a3780000, 0x00000000e0000000)
  object space 56832K, 76% used [0x00000000a0000000,0x00000000a2a56e88,0x00000000a3780000)
 Metaspace       used 58129K, capacity 60630K, committed 60928K, reserved 1101824K
  class space    used 7810K, capacity 8412K, committed 8448K, reserved 1048576K
GC Heap History (10 events):
Event: 55.703 GC heap before
{Heap before GC invocations=17 (full 2):
 PSYoungGen      total 82432K, used 79860K [0x00000000e0000000, 0x00000000e5d00000, 0x0000000100000000)
  eden space 71168K, 100% used [0x00000000e0000000,0x00000000e4580000,0x00000000e4580000)
  from space 11264K, 77% used [0x00000000e5100000,0x00000000e597d370,0x00000000e5c00000)
  to   space 11776K, 0% used [0x00000000e4580000,0x00000000e4580000,0x00000000e5100000)
 ParOldGen       total 56832K, used 15742K [0x00000000a0000000, 0x00000000a3780000, 0x00000000e0000000)
  object space 56832K, 27% used [0x00000000a0000000,0x00000000a0f5fbe0,0x00000000a3780000)
 Metaspace       used 47836K, capacity 49358K, committed 49664K, reserved 1091584K
  class space    used 6428K, capacity 6842K, committed 6912K, reserved 1048576K
Event: 55.726 GC heap after
Heap after GC invocations=17 (full 2):
 PSYoungGen      total 82944K, used 7836K [0x00000000e0000000, 0x00000000e7f80000, 0x0000000100000000)
  eden space 71168K, 0% used [0x00000000e0000000,0x00000000e0000000,0x00000000e4580000)
  from space 11776K, 66% used [0x00000000e4580000,0x00000000e4d271a0,0x00000000e5100000)
  to   space 11776K, 0% used [0x00000000e7400000,0x00000000e7400000,0x00000000e7f80000)
 ParOldGen       total 56832K, used 21926K [0x00000000a0000000, 0x00000000a3780000, 0x00000000e0000000)
  object space 56832K, 38% used [0x00000000a0000000,0x00000000a1569970,0x00000000a3780000)
 Metaspace       used 47836K, capacity 49358K, committed 49664K, reserved 1091584K
  class space    used 6428K, capacity 6842K, committed 6912K, reserved 1048576K
}
Event: 57.214 GC heap before
{Heap before GC invocations=18 (full 2):
 PSYoungGen      total 82944K, used 79004K [0x00000000e0000000, 0x00000000e7f80000, 0x0000000100000000)
  eden space 71168K, 100% used [0x00000000e0000000,0x00000000e4580000,0x00000000e4580000)
  from space 11776K, 66% used [0x00000000e4580000,0x00000000e4d271a0,0x00000000e5100000)
  to   space 11776K, 0% used [0x00000000e7400000,0x00000000e7400000,0x00000000e7f80000)
 ParOldGen       total 56832K, used 21926K [0x00000000a0000000, 0x00000000a3780000, 0x00000000e0000000)
  object space 56832K, 38% used [0x00000000a0000000,0x00000000a1569970,0x00000000a3780000)
 Metaspace       used 50590K, capacity 52216K, committed 52352K, reserved 1093632K
  class space    used 6851K, capacity 7256K, committed 7296K, reserved 1048576K
Event: 57.237 GC heap after
Heap after GC invocations=18 (full 2):
 PSYoungGen      total 118784K, used 7781K [0x00000000e0000000, 0x00000000e7f80000, 0x0000000100000000)
  eden space 107008K, 0% used [0x00000000e0000000,0x00000000e0000000,0x00000000e6880000)
  from space 11776K, 66% used [0x00000000e7400000,0x00000000e7b994d8,0x00000000e7f80000)
  to   space 11776K, 0% used [0x00000000e6880000,0x00000000e6880000,0x00000000e7400000)
 ParOldGen       total 56832K, used 27062K [0x00000000a0000000, 0x00000000a3780000, 0x00000000e0000000)
  object space 56832K, 47% used [0x00000000a0000000,0x00000000a1a6da98,0x00000000a3780000)
 Metaspace       used 50590K, capacity 52216K, committed 52352K, reserved 1093632K
  class space    used 6851K, capacity 7256K, committed 7296K, reserved 1048576K
}
Event: 62.987 GC heap before
{Heap before GC invocations=19 (full 2):
 PSYoungGen      total 118784K, used 114789K [0x00000000e0000000, 0x00000000e7f80000, 0x0000000100000000)
  eden space 107008K, 100% used [0x00000000e0000000,0x00000000e6880000,0x00000000e6880000)
  from space 11776K, 66% used [0x00000000e7400000,0x00000000e7b994d8,0x00000000e7f80000)
  to   space 11776K, 0% used [0x00000000e6880000,0x00000000e6880000,0x00000000e7400000)
 ParOldGen       total 56832K, used 27062K [0x00000000a0000000, 0x00000000a3780000, 0x00000000e0000000)
  object space 56832K, 47% used [0x00000000a0000000,0x00000000a1a6da98,0x00000000a3780000)
 Metaspace       used 54524K, capacity 56982K, committed 57088K, reserved 1097728K
  class space    used 7351K, capacity 7888K, committed 7936K, reserved 1048576K
Event: 63.014 GC heap after
Heap after GC invocations=19 (full 2):
 PSYoungGen      total 118784K, used 11772K [0x00000000e0000000, 0x00000000e7f80000, 0x0000000100000000)
  eden space 107008K, 0% used [0x00000000e0000000,0x00000000e0000000,0x00000000e6880000)
  from space 11776K, 99% used [0x00000000e6880000,0x00000000e73ff388,0x00000000e7400000)
  to   space 11776K, 0% used [0x00000000e7400000,0x00000000e7400000,0x00000000e7f80000)
 ParOldGen       total 56832K, used 34205K [0x00000000a0000000, 0x00000000a3780000, 0x00000000e0000000)
  object space 56832K, 60% used [0x00000000a0000000,0x00000000a21677a0,0x00000000a3780000)
 Metaspace       used 54524K, capacity 56982K, committed 57088K, reserved 1097728K
  class space    used 7351K, capacity 7888K, committed 7936K, reserved 1048576K
}
Event: 66.883 GC heap before
{Heap before GC invocations=20 (full 2):
 PSYoungGen      total 118784K, used 67569K [0x00000000e0000000, 0x00000000e7f80000, 0x0000000100000000)
  eden space 107008K, 52% used [0x00000000e0000000,0x00000000e367d438,0x00000000e6880000)
  from space 11776K, 99% used [0x00000000e6880000,0x00000000e73ff388,0x00000000e7400000)
  to   space 11776K, 0% used [0x00000000e7400000,0x00000000e7400000,0x00000000e7f80000)
 ParOldGen       total 56832K, used 34205K [0x00000000a0000000, 0x00000000a3780000, 0x00000000e0000000)
  object space 56832K, 60% used [0x00000000a0000000,0x00000000a21677a0,0x00000000a3780000)
 Metaspace       used 56536K, capacity 59012K, committed 59028K, reserved 1099776K
  class space    used 7603K, capacity 8177K, committed 8192K, reserved 1048576K
Event: 66.903 GC heap after
Heap after GC invocations=20 (full 2):
 PSYoungGen      total 115200K, used 4737K [0x00000000e0000000, 0x00000000ea700000, 0x0000000100000000)
  eden space 103424K, 0% used [0x00000000e0000000,0x00000000e0000000,0x00000000e6500000)
  from space 11776K, 40% used [0x00000000e7400000,0x00000000e78a05d8,0x00000000e7f80000)
  to   space 15360K, 0% used [0x00000000e6500000,0x00000000e6500000,0x00000000e7400000)
 ParOldGen       total 56832K, used 45247K [0x00000000a0000000, 0x00000000a3780000, 0x00000000e0000000)
  object space 56832K, 79% used [0x00000000a0000000,0x00000000a2c2fd18,0x00000000a3780000)
 Metaspace       used 56536K, capacity 59012K, committed 59028K, reserved 1099776K
  class space    used 7603K, capacity 8177K, committed 8192K, reserved 1048576K
}
Event: 66.903 GC heap before
{Heap before GC invocations=21 (full 3):
 PSYoungGen      total 115200K, used 4737K [0x00000000e0000000, 0x00000000ea700000, 0x0000000100000000)
  eden space 103424K, 0% used [0x00000000e0000000,0x00000000e0000000,0x00000000e6500000)
  from space 11776K, 40% used [0x00000000e7400000,0x00000000e78a05d8,0x00000000e7f80000)
  to   space 15360K, 0% used [0x00000000e6500000,0x00000000e6500000,0x00000000e7400000)
 ParOldGen       total 56832K, used 45247K [0x00000000a0000000, 0x00000000a3780000, 0x00000000e0000000)
  object space 56832K, 79% used [0x00000000a0000000,0x00000000a2c2fd18,0x00000000a3780000)
 Metaspace       used 56536K, capacity 59012K, committed 59028K, reserved 1099776K
  class space    used 7603K, capacity 8177K, committed 8192K, reserved 1048576K
Event: 67.323 GC heap after
Heap after GC invocations=21 (full 3):
 PSYoungGen      total 115200K, used 0K [0x00000000e0000000, 0x00000000ea700000, 0x0000000100000000)
  eden space 103424K, 0% used [0x00000000e0000000,0x00000000e0000000,0x00000000e6500000)
  from space 11776K, 0% used [0x00000000e7400000,0x00000000e7400000,0x00000000e7f80000)
  to   space 15360K, 0% used [0x00000000e6500000,0x00000000e6500000,0x00000000e7400000)
 ParOldGen       total 56832K, used 43355K [0x00000000a0000000, 0x00000000a3780000, 0x00000000e0000000)
  object space 56832K, 76% used [0x00000000a0000000,0x00000000a2a56e88,0x00000000a3780000)
 Metaspace       used 56536K, capacity 59012K, committed 59028K, reserved 1099776K
  class space    used 7603K, capacity 8177K, committed 8192K, reserved 1048576K
}

